{"/Users/jhaoen/Files/敏捷開發/2025-team-b/__test__/TestData.ts": {"path":"/Users/jhaoen/Files/敏捷開發/2025-team-b/__test__/TestData.ts","statementMap":{"0":{"start":{"line":3,"column":13},"end":{"line":18,"column":2}}},"fnMap":{},"branchMap":{},"s":{"0":1},"f":{},"b":{}}
,"/Users/jhaoen/Files/敏捷開發/2025-team-b/src/backend/controller/RecentlyEditedController.ts": {"path":"/Users/jhaoen/Files/敏捷開發/2025-team-b/src/backend/controller/RecentlyEditedController.ts","statementMap":{"0":{"start":{"line":1,"column":0},"end":{"line":1,"column":48}},"1":{"start":{"line":2,"column":0},"end":{"line":2,"column":43}},"2":{"start":{"line":14,"column":8},"end":{"line":20,"column":9}},"3":{"start":{"line":15,"column":12},"end":{"line":15,"column":40}},"4":{"start":{"line":19,"column":12},"end":{"line":19,"column":22}},"5":{"start":{"line":28,"column":22},"end":{"line":28,"column":41}},"6":{"start":{"line":29,"column":34},"end":{"line":29,"column":91}},"7":{"start":{"line":29,"column":55},"end":{"line":29,"column":90}},"8":{"start":{"line":30,"column":8},"end":{"line":30,"column":33}},"9":{"start":{"line":5,"column":0},"end":{"line":5,"column":13}}},"fnMap":{"0":{"name":"(anonymous_7)","decl":{"start":{"line":8,"column":4},"end":{"line":8,"column":null}},"loc":{"start":{"line":8,"column":4},"end":{"line":10,"column":5}}},"1":{"name":"(anonymous_8)","decl":{"start":{"line":12,"column":17},"end":{"line":12,"column":33}},"loc":{"start":{"line":12,"column":45},"end":{"line":21,"column":null}}},"2":{"name":"(anonymous_10)","decl":{"start":{"line":23,"column":17},"end":{"line":23,"column":39}},"loc":{"start":{"line":23,"column":39},"end":{"line":32,"column":null}}},"3":{"name":"(anonymous_12)","decl":{"start":{"line":29,"column":45},"end":{"line":29,"column":46}},"loc":{"start":{"line":29,"column":55},"end":{"line":29,"column":90}}}},"branchMap":{},"s":{"0":1,"1":1,"2":3,"3":3,"4":1,"5":1,"6":1,"7":1,"8":1,"9":1},"f":{"0":3,"1":3,"2":1,"3":1},"b":{}}
,"/Users/jhaoen/Files/敏捷開發/2025-team-b/src/backend/model/get.ts": {"path":"/Users/jhaoen/Files/敏捷開發/2025-team-b/src/backend/model/get.ts","statementMap":{"0":{"start":{"line":4,"column":0},"end":{"line":4,"column":22}},"1":{"start":{"line":17,"column":0},"end":{"line":17,"column":22}},"2":{"start":{"line":2,"column":0},"end":{"line":2,"column":51}},"3":{"start":{"line":5,"column":22},"end":{"line":5,"column":57}},"4":{"start":{"line":7,"column":18},"end":{"line":11,"column":null}},"5":{"start":{"line":8,"column":41},"end":{"line":11,"column":10}},"6":{"start":{"line":9,"column":28},"end":{"line":9,"column":60}},"7":{"start":{"line":10,"column":12},"end":{"line":10,"column":27}},"8":{"start":{"line":13,"column":4},"end":{"line":13,"column":17}},"9":{"start":{"line":20,"column":4},"end":{"line":26,"column":5}},"10":{"start":{"line":21,"column":8},"end":{"line":21,"column":44}},"11":{"start":{"line":25,"column":8},"end":{"line":25,"column":18}}},"fnMap":{"0":{"name":"getAllNotes","decl":{"start":{"line":4,"column":22},"end":{"line":4,"column":33}},"loc":{"start":{"line":4,"column":33},"end":{"line":14,"column":null}}},"1":{"name":"(anonymous_9)","decl":{"start":{"line":8,"column":22},"end":{"line":8,"column":29}},"loc":{"start":{"line":8,"column":41},"end":{"line":11,"column":10}}},"2":{"name":"(anonymous_10)","decl":{"start":{"line":8,"column":41},"end":{"line":8,"column":null}},"loc":{"start":{"line":8,"column":41},"end":{"line":11,"column":9}}},"3":{"name":"getNote","decl":{"start":{"line":17,"column":22},"end":{"line":17,"column":29}},"loc":{"start":{"line":17,"column":41},"end":{"line":27,"column":null}}}},"branchMap":{},"s":{"0":1,"1":1,"2":1,"3":1,"4":1,"5":2,"6":2,"7":2,"8":1,"9":0,"10":0,"11":0},"f":{"0":1,"1":2,"2":2,"3":0},"b":{}}
,"/Users/jhaoen/Files/敏捷開發/2025-team-b/src/backend/model/update.ts": {"path":"/Users/jhaoen/Files/敏捷開發/2025-team-b/src/backend/model/update.ts","statementMap":{"0":{"start":{"line":7,"column":0},"end":{"line":7,"column":22}},"1":{"start":{"line":2,"column":0},"end":{"line":2,"column":51}},"2":{"start":{"line":9,"column":21},"end":{"line":9,"column":35}},"3":{"start":{"line":10,"column":15},"end":{"line":10,"column":59}},"4":{"start":{"line":13,"column":4},"end":{"line":13,"column":37}},"5":{"start":{"line":14,"column":4},"end":{"line":14,"column":56}}},"fnMap":{"0":{"name":"updateTimeStamp","decl":{"start":{"line":7,"column":22},"end":{"line":7,"column":37}},"loc":{"start":{"line":7,"column":50},"end":{"line":15,"column":null}}}},"branchMap":{},"s":{"0":1,"1":1,"2":3,"3":3,"4":2,"5":2},"f":{"0":3},"b":{}}
,"/Users/jhaoen/Files/敏捷開發/2025-team-b/src/backend/utils/FileManager.ts": {"path":"/Users/jhaoen/Files/敏捷開發/2025-team-b/src/backend/utils/FileManager.ts","statementMap":{"0":{"start":{"line":1,"column":0},"end":{"line":1,"column":25}},"1":{"start":{"line":2,"column":0},"end":{"line":2,"column":29}},"2":{"start":{"line":3,"column":0},"end":{"line":3,"column":36}},"3":{"start":{"line":11,"column":8},"end":{"line":11,"column":79}},"4":{"start":{"line":11,"column":47},"end":{"line":11,"column":79}},"5":{"start":{"line":13,"column":25},"end":{"line":13,"column":56}},"6":{"start":{"line":14,"column":29},"end":{"line":14,"column":52}},"7":{"start":{"line":15,"column":8},"end":{"line":15,"column":49}},"8":{"start":{"line":19,"column":8},"end":{"line":19,"column":79}},"9":{"start":{"line":19,"column":47},"end":{"line":19,"column":79}},"10":{"start":{"line":20,"column":25},"end":{"line":20,"column":56}},"11":{"start":{"line":21,"column":8},"end":{"line":23,"column":9}},"12":{"start":{"line":22,"column":12},"end":{"line":22,"column":60}},"13":{"start":{"line":24,"column":8},"end":{"line":24,"column":87}},"14":{"start":{"line":28,"column":8},"end":{"line":28,"column":71}},"15":{"start":{"line":28,"column":43},"end":{"line":28,"column":71}},"16":{"start":{"line":33,"column":8},"end":{"line":36,"column":42}},"17":{"start":{"line":34,"column":12},"end":{"line":34,"column":31}},"18":{"start":{"line":35,"column":12},"end":{"line":35,"column":67}},"19":{"start":{"line":38,"column":8},"end":{"line":38,"column":23}},"20":{"start":{"line":43,"column":8},"end":{"line":44,"column":44}},"21":{"start":{"line":44,"column":12},"end":{"line":44,"column":44}},"22":{"start":{"line":46,"column":8},"end":{"line":46,"column":60}},"23":{"start":{"line":6,"column":0},"end":{"line":6,"column":13}},"24":{"start":{"line":8,"column":20},"end":{"line":8,"column":37}}},"fnMap":{"0":{"name":"(anonymous_7)","decl":{"start":{"line":10,"column":4},"end":{"line":10,"column":10}},"loc":{"start":{"line":10,"column":53},"end":{"line":16,"column":null}}},"1":{"name":"(anonymous_9)","decl":{"start":{"line":18,"column":4},"end":{"line":18,"column":10}},"loc":{"start":{"line":18,"column":38},"end":{"line":25,"column":null}}},"2":{"name":"(anonymous_11)","decl":{"start":{"line":27,"column":4},"end":{"line":27,"column":10}},"loc":{"start":{"line":27,"column":51},"end":{"line":39,"column":5}}},"3":{"name":"(anonymous_12)","decl":{"start":{"line":41,"column":4},"end":{"line":41,"column":10}},"loc":{"start":{"line":41,"column":32},"end":{"line":47,"column":null}}}},"branchMap":{"0":{"loc":{"start":{"line":11,"column":8},"end":{"line":11,"column":79}},"type":"if","locations":[{"start":{"line":11,"column":8},"end":{"line":11,"column":79}}]},"1":{"loc":{"start":{"line":19,"column":8},"end":{"line":19,"column":79}},"type":"if","locations":[{"start":{"line":19,"column":8},"end":{"line":19,"column":79}}]},"2":{"loc":{"start":{"line":21,"column":8},"end":{"line":23,"column":9}},"type":"if","locations":[{"start":{"line":21,"column":8},"end":{"line":23,"column":9}}]},"3":{"loc":{"start":{"line":28,"column":8},"end":{"line":28,"column":71}},"type":"if","locations":[{"start":{"line":28,"column":8},"end":{"line":28,"column":71}}]},"4":{"loc":{"start":{"line":43,"column":8},"end":{"line":44,"column":44}},"type":"if","locations":[{"start":{"line":43,"column":8},"end":{"line":44,"column":44}}]}},"s":{"0":1,"1":1,"2":1,"3":0,"4":0,"5":0,"6":0,"7":0,"8":0,"9":0,"10":0,"11":0,"12":0,"13":0,"14":0,"15":0,"16":0,"17":0,"18":0,"19":0,"20":0,"21":0,"22":0,"23":1,"24":1},"f":{"0":0,"1":0,"2":0,"3":0},"b":{"0":[0],"1":[0],"2":[0],"3":[0],"4":[0]}}
}
