TN:
SF:__test__/TestData.ts
FNF:0
FNH:0
DA:3,1
LF:1
LH:1
BRF:0
BRH:0
end_of_record
TN:
SF:src/backend/controller/RecentlyEditedController.ts
FN:8,(anonymous_7)
FN:12,(anonymous_8)
FN:23,(anonymous_10)
FN:29,(anonymous_12)
FNF:4
FNH:4
FNDA:3,(anonymous_7)
FNDA:3,(anonymous_8)
FNDA:1,(anonymous_10)
FNDA:1,(anonymous_12)
DA:1,1
DA:2,1
DA:5,1
DA:14,3
DA:15,3
DA:19,1
DA:28,1
DA:29,1
DA:30,1
LF:9
LH:9
BRF:0
BRH:0
end_of_record
TN:
SF:src/backend/model/get.ts
FN:4,getAllNotes
FN:8,(anonymous_9)
FN:8,(anonymous_10)
FN:17,getNote
FNF:4
FNH:3
FNDA:1,getAllNotes
FNDA:2,(anonymous_9)
FNDA:2,(anonymous_10)
FNDA:0,getNote
DA:2,1
DA:4,1
DA:5,1
DA:7,1
DA:8,2
DA:9,2
DA:10,2
DA:13,1
DA:17,1
DA:20,0
DA:21,0
DA:25,0
LF:12
LH:9
BRF:0
BRH:0
end_of_record
TN:
SF:src/backend/model/update.ts
FN:7,updateTimeStamp
FNF:1
FNH:1
FNDA:3,updateTimeStamp
DA:2,1
DA:7,1
DA:9,3
DA:10,3
DA:13,2
DA:14,2
LF:6
LH:6
BRF:0
BRH:0
end_of_record
TN:
SF:src/backend/utils/FileManager.ts
FN:10,(anonymous_7)
FN:18,(anonymous_9)
FN:27,(anonymous_11)
FN:41,(anonymous_12)
FNF:4
FNH:0
FNDA:0,(anonymous_7)
FNDA:0,(anonymous_9)
FNDA:0,(anonymous_11)
FNDA:0,(anonymous_12)
DA:1,1
DA:2,1
DA:3,1
DA:6,1
DA:8,1
DA:11,0
DA:13,0
DA:14,0
DA:15,0
DA:19,0
DA:20,0
DA:21,0
DA:22,0
DA:24,0
DA:28,0
DA:33,0
DA:34,0
DA:35,0
DA:38,0
DA:43,0
DA:44,0
DA:46,0
LF:22
LH:5
BRDA:11,0,0,0
BRDA:19,1,0,0
BRDA:21,2,0,0
BRDA:28,3,0,0
BRDA:43,4,0,0
BRF:5
BRH:0
end_of_record
